  [1m[35m (0.3ms)[0m  [1m[35mCREATE TABLE "schema_migrations" ("version" varchar NOT NULL PRIMARY KEY) /*application='KnyleShare'*/[0m
  [1m[35m (0.1ms)[0m  [1m[35mCREATE TABLE "ar_internal_metadata" ("key" varchar NOT NULL PRIMARY KEY, "value" varchar, "created_at" datetime(6) NOT NULL, "updated_at" datetime(6) NOT NULL) /*application='KnyleShare'*/[0m
  [1m[36mActiveRecord::InternalMetadata Load (0.1ms)[0m  [1m[34mSELECT * FROM "ar_internal_metadata" WHERE "ar_internal_metadata"."key" = 'environment' ORDER BY "ar_internal_metadata"."key" ASC LIMIT 1 /*application='KnyleShare'*/[0m
  [1m[36mActiveRecord::InternalMetadata Create (0.1ms)[0m  [1m[32mINSERT INTO "ar_internal_metadata" ("key", "value", "created_at", "updated_at") VALUES ('environment', 'development', '2026-03-20 02:15:12.813170', '2026-03-20 02:15:12.813171') RETURNING "key" /*application='KnyleShare'*/[0m
  [1m[36mActiveRecord::SchemaMigration Load (0.0ms)[0m  [1m[34mSELECT "schema_migrations"."version" FROM "schema_migrations" ORDER BY "schema_migrations"."version" ASC /*application='KnyleShare'*/[0m
Migrating to CreateInstallations (20260319000100)
  [1m[36mTRANSACTION (0.0ms)[0m  [1m[35mBEGIN immediate TRANSACTION /*application='KnyleShare'*/[0m
  [1m[35m (0.5ms)[0m  [1m[35mCREATE TABLE "installations" ("id" integer PRIMARY KEY AUTOINCREMENT NOT NULL, "admin_github_uid" varchar, "admin_github_login" varchar, "admin_github_name" varchar, "admin_github_avatar_url" varchar, "admin_claimed_at" datetime(6), "created_at" datetime(6) NOT NULL, "updated_at" datetime(6) NOT NULL) /*application='KnyleShare'*/[0m
  [1m[35m (0.0ms)[0m  [1m[35mCREATE UNIQUE INDEX "index_installations_on_admin_github_uid" ON "installations" ("admin_github_uid") /*application='KnyleShare'*/[0m
  [1m[36mActiveRecord::SchemaMigration Create (0.0ms)[0m  [1m[32mINSERT INTO "schema_migrations" ("version") VALUES ('20260319000100') RETURNING "version" /*application='KnyleShare'*/[0m
  [1m[36mTRANSACTION (0.1ms)[0m  [1m[35mCOMMIT TRANSACTION /*application='KnyleShare'*/[0m
  [1m[36mActiveRecord::SchemaMigration Load (0.0ms)[0m  [1m[34mSELECT "schema_migrations"."version" FROM "schema_migrations" ORDER BY "schema_migrations"."version" ASC /*application='KnyleShare'*/[0m
  [1m[36mInstallation Load (0.0ms)[0m  [1m[34mSELECT "installations".* FROM "installations" ORDER BY "installations"."id" ASC LIMIT 1 /*application='KnyleShare'*/[0m
  ↳ app/models/installation.rb:3:in 'Installation.current'
Started HEAD "/" for 127.0.0.1 at 2026-03-19 19:51:40 -0700
  [1m[36mActiveRecord::SchemaMigration Load (0.0ms)[0m  [1m[34mSELECT "schema_migrations"."version" FROM "schema_migrations" ORDER BY "schema_migrations"."version" ASC /*application='KnyleShare'*/[0m
Processing by Public::HomeController#show as */*
  Rendering layout layouts/application.html.erb
  Rendering public/home/show.html.erb within layouts/application
  Rendered public/home/show.html.erb within layouts/application (Duration: 0.1ms | GC: 0.0ms)
  Rendered shared/_flash.html.erb (Duration: 0.1ms | GC: 0.0ms)
  Rendered layout layouts/application.html.erb (Duration: 1.9ms | GC: 0.0ms)
Completed 200 OK in 17ms (Views: 2.8ms | ActiveRecord: 0.0ms (0 queries, 0 cached) | GC: 0.0ms)


Started GET "/setup" for 127.0.0.1 at 2026-03-19 19:51:54 -0700
Processing by Admin::SetupController#show as */*
  [1m[36mInstallation Load (0.0ms)[0m  [1m[34mSELECT "installations".* FROM "installations" ORDER BY "installations"."id" ASC LIMIT 1 /*action='show',application='KnyleShare',controller='setup'*/[0m
  ↳ app/models/installation.rb:3:in 'Installation.current'
  Rendering layout layouts/admin.html.erb
  Rendering admin/setup/show.html.erb within layouts/admin
  Rendered admin/setup/show.html.erb within layouts/admin (Duration: 0.5ms | GC: 0.0ms)
  Rendered shared/_flash.html.erb (Duration: 0.4ms | GC: 0.4ms)
  Rendered layout layouts/admin.html.erb (Duration: 1.5ms | GC: 0.4ms)
Completed 200 OK in 71ms (Views: 2.0ms | ActiveRecord: 1.0ms (1 query, 0 cached) | GC: 15.1ms)


Started HEAD "/" for 127.0.0.1 at 2026-03-19 19:51:57 -0700
Processing by Admin::RootController#show as */*
  [1m[36mInstallation Load (0.1ms)[0m  [1m[34mSELECT "installations".* FROM "installations" ORDER BY "installations"."id" ASC LIMIT 1 /*action='show',application='KnyleShare',controller='root'*/[0m
  ↳ app/models/installation.rb:3:in 'Installation.current'
Redirected to http://admin.lvh.me/setup
Completed 302 Found in 12ms (ActiveRecord: 0.1ms (1 query, 0 cached) | GC: 0.0ms)


